
Gurobi 8.1.1 (linux64) logging started Tue Jul 23 10:22:01 2019


Gurobi 8.1.1 (linux64) logging started Tue Jul 23 10:22:05 2019

Optimize a model with 6171 rows, 2640 columns and 25226 nonzeros
Variable types: 593 continuous, 2047 integer (500 binary)
Coefficient statistics:
  Matrix range     [9e-01, 1e+04]
  Objective range  [7e-03, 4e+02]
  Bounds range     [0e+00, 0e+00]
  RHS range        [1e+00, 2e+04]
Found heuristic solution: objective 96983.047000
Presolve removed 3016 rows and 767 columns
Presolve time: 0.04s
Presolved: 3155 rows, 1873 columns, 14913 nonzeros
Variable types: 125 continuous, 1748 integer (617 binary)
Presolve removed 209 rows and 209 columns
Presolved: 2946 rows, 1664 columns, 13421 nonzeros


Root relaxation: objective 5.442717e+03, 2742 iterations, 0.09 seconds

    Nodes    |    Current Node    |     Objective Bounds      |     Work
 Expl Unexpl |  Obj  Depth IntInf | Incumbent    BestBd   Gap | It/Node Time

     0     0 5442.71683    0  359 96983.0470 5442.71683  94.4%     -    0s
H    0     0                    42385.661868 5442.71683  87.2%     -    0s
H    0     0                    40601.890619 5442.71683  86.6%     -    0s
H    0     0                    21084.655092 5442.71683  74.2%     -    0s
H    0     0                    12727.900884 5444.58678  57.2%     -    0s
H    0     0                    12270.502304 5444.58678  55.6%     -    0s
     0     0 6427.71846    0  252 12270.5023 6427.71846  47.6%     -    0s
H    0     0                    12082.025551 6427.71846  46.8%     -    0s
H    0     0                    8458.4155218 6427.71846  24.0%     -    0s
     0     0 6458.82709    0  262 8458.41552 6458.82709  23.6%     -    0s
     0     0 6458.83044    0  263 8458.41552 6458.83044  23.6%     -    0s
     0     0 6670.24770    0  280 8458.41552 6670.24770  21.1%     -    0s
H    0     0                    8098.3676314 6670.24770  17.6%     -    0s
     0     0 6672.65873    0  333 8098.36763 6672.65873  17.6%     -    0s
     0     0 6672.65873    0  335 8098.36763 6672.65873  17.6%     -    0s
     0     0 6874.72406    0  244 8098.36763 6874.72406  15.1%     -    1s
H    0     0                    8029.0140332 6874.72406  14.4%     -    1s
     0     0 6894.06340    0  328 8029.01403 6894.06340  14.1%     -    1s
     0     0 6916.31847    0  355 8029.01403 6916.31847  13.9%     -    1s
     0     0 6917.98442    0  366 8029.01403 6917.98442  13.8%     -    1s
     0     0 6918.26482    0  369 8029.01403 6918.26482  13.8%     -    1s
H    0     0                    7736.0093589 6918.26482  10.6%     -    1s
     0     0 6948.67534    0  295 7736.00936 6948.67534  10.2%     -    2s
     0     0 6952.07461    0  414 7736.00936 6952.07461  10.1%     -    2s
     0     0 6966.71436    0  290 7736.00936 6966.71436  9.94%     -    2s
     0     0 6967.58504    0  323 7736.00936 6967.58504  9.93%     -    2s
     0     0 7013.75546    0  334 7736.00936 7013.75546  9.34%     -    2s
     0     0 7015.08795    0  350 7736.00936 7015.08795  9.32%     -    2s
     0     0 7015.21218    0  362 7736.00936 7015.21218  9.32%     -    2s
     0     0 7018.82981    0  328 7736.00936 7018.82981  9.27%     -    3s
     0     0 7018.82981    0  324 7736.00936 7018.82981  9.27%     -    3s
H    0     0                    7622.0750451 7018.82981  7.91%     -    3s
H    0     0                    7538.0624000 7018.82981  6.89%     -    3s
     0     0 7018.82981    0  242 7538.06240 7018.82981  6.89%     -    3s
     0     0 7018.82981    0  162 7538.06240 7018.82981  6.89%     -    4s
H    0     0                    7534.0380438 7018.82981  6.84%     -    4s
     0     0 7018.82981    0  269 7534.03804 7018.82981  6.84%     -    4s
     0     0 7018.82981    0  307 7534.03804 7018.82981  6.84%     -    4s
     0     0 7018.82981    0  311 7534.03804 7018.82981  6.84%     -    4s
     0     0 7019.23933    0  308 7534.03804 7019.23933  6.83%     -    4s
     0     0 7020.64094    0  313 7534.03804 7020.64094  6.81%     -    4s
     0     0 7021.69285    0  314 7534.03804 7021.69285  6.80%     -    4s
     0     0 7021.69320    0  316 7534.03804 7021.69320  6.80%     -    4s
H    0     0                    7533.9790438 7021.69320  6.80%     -    4s
     0     0 7023.60715    0  394 7533.97904 7023.60715  6.77%     -    4s
     0     0 7023.78794    0  401 7533.97904 7023.78794  6.77%     -    4s
     0     0 7024.11051    0  359 7533.97904 7024.11051  6.77%     -    5s
     0     0 7024.39775    0  324 7533.97904 7024.39775  6.76%     -    5s
     0     0 7024.39775    0  324 7533.97904 7024.39775  6.76%     -    6s
H    0     0                    7533.3690424 7024.39775  6.76%     -    6s
     0     2 7024.39775    0  320 7533.36904 7024.39775  6.76%     -    6s
  1125  1002 7517.40712   61  331 7533.36904 7440.00913  1.24%   5.0   10s
  1158  1027 7516.12239   31  221 7533.36904 7440.00913  1.24%  15.3   15s
H 1181   990                    7532.5270438 7460.24350  0.96%  18.8   17s
H 1186   944                    7532.5270428 7460.24350  0.96%  18.7   18s
  1220   969 7517.24412   55   98 7532.52704 7468.10765  0.86%  22.1   20s
 28753 22370 7486.01476   95   12 7532.52704 7486.01476  0.62%   5.8   25s
 55660 45150 7532.31422  118   11 7532.52704 7487.37608  0.60%   5.6   30s
 82255 67721     cutoff  117      7532.52704 7488.01336  0.59%   5.5   35s
 108079 89199 7491.28331   91   30 7532.52704 7489.05355  0.58%   5.6   40s
 133835 111269 7489.75211  113   11 7532.52704 7489.49159  0.57%   5.5   45s
 159580 132908 7489.84598  107   19 7532.52704 7489.72709  0.57%   5.6   50s
H177592 142710                    7530.4170986 7489.81837  0.54%   5.5   54s
H177937 137384                    7528.0999753 7489.82132  0.51%   5.5   54s
 179789 138895 7518.79551  122   38 7528.09998 7489.82559  0.51%   5.5   55s
 198688 154048 7513.13180  130   17 7528.09998 7490.01691  0.51%   5.4   60s

Cutting planes:
  Learned: 2
  Gomory: 30
  Cover: 2
  Implied bound: 6
  MIR: 236
  StrongCG: 65
  Flow cover: 18
  Inf proof: 1
  Zero half: 33

Explored 199053 nodes (1100160 simplex iterations) in 60.01 seconds
Thread count was 4 (of 4 available processors)

Solution count 10: 7528.1 7530.42 7532.53 ... 7538.06

Time limit reached
Best objective 7.528099975321e+03, best bound 7.490016918559e+03, gap 0.5059%
