┌ Info: Arguments
│   time_limit = 60
│   product_path = /mnt/737e9ed1-8932-449f-85af-6d903551da56/Projects/ShelfSpaceAllocation/examples/data/Anonymized space allocation data for 9900-shelf.csv
│   shelf_path = /mnt/737e9ed1-8932-449f-85af-6d903551da56/Projects/ShelfSpaceAllocation/examples/data/scenario_9900_shelves.csv
│   output_dir = /mnt/737e9ed1-8932-449f-85af-6d903551da56/Projects/ShelfSpaceAllocation/examples/output/2019-07-23T10:21:44.517
└ @ Main /mnt/737e9ed1-8932-449f-85af-6d903551da56/Projects/ShelfSpaceAllocation/examples/script.jl:22
┌ Info: Loading parameters
└ @ Main /mnt/737e9ed1-8932-449f-85af-6d903551da56/Projects/ShelfSpaceAllocation/examples/script.jl:24
┌ Info: Creating the model
└ @ Main /mnt/737e9ed1-8932-449f-85af-6d903551da56/Projects/ShelfSpaceAllocation/examples/script.jl:29
┌ Info: Starting the optimization
└ @ Main /mnt/737e9ed1-8932-449f-85af-6d903551da56/Projects/ShelfSpaceAllocation/examples/script.jl:46
┌ Info: Saving the results
└ @ Main /mnt/737e9ed1-8932-449f-85af-6d903551da56/Projects/ShelfSpaceAllocation/examples/script.jl:62
┌ Info: Plotting planogram
└ @ Main /mnt/737e9ed1-8932-449f-85af-6d903551da56/Projects/ShelfSpaceAllocation/examples/script.jl:74
┌ Info: Plotting product facings
└ @ Main /mnt/737e9ed1-8932-449f-85af-6d903551da56/Projects/ShelfSpaceAllocation/examples/script.jl:78
┌ Info: Plotting block allocation
└ @ Main /mnt/737e9ed1-8932-449f-85af-6d903551da56/Projects/ShelfSpaceAllocation/examples/script.jl:82
┌ Info: Plotting fill amount
└ @ Main /mnt/737e9ed1-8932-449f-85af-6d903551da56/Projects/ShelfSpaceAllocation/examples/script.jl:86
┌ Info: Plotting fill percentage
└ @ Main /mnt/737e9ed1-8932-449f-85af-6d903551da56/Projects/ShelfSpaceAllocation/examples/script.jl:90
┌ Info: Plotting demand and sales
└ @ Main /mnt/737e9ed1-8932-449f-85af-6d903551da56/Projects/ShelfSpaceAllocation/examples/script.jl:97
